<?xml version="1.0" encoding="UTF-8"?>
<testsuite xmlns:xsi="http://www.w3.org/2001/XMLSchema-instance" xsi:noNamespaceSchemaLocation="https://maven.apache.org/surefire/maven-surefire-plugin/xsd/surefire-test-report.xsd" name="com.cyberark.conjur.cloudTest.ConjurCloudNegativeTest" time="1.958" tests="5" errors="0" skipped="0" failures="0">
  <properties>
[...]
</properties>
  <testcase name="checkForConfiguration" classname="com.cyberark.conjur.cloudTest.ConjurCloudNegativeTest" time="0.207"/>
  <testcase name="checkForUserName" classname="com.cyberark.conjur.cloudTest.ConjurCloudNegativeTest" time="0.002"/>
  <testcase name="checkForConnection" classname="com.cyberark.conjur.cloudTest.ConjurCloudNegativeTest" time="0.001"/>
  <testcase name="checkForUrl" classname="com.cyberark.conjur.cloudTest.ConjurCloudNegativeTest" time="0.002"/>
  <testcase name="checkForPassword" classname="com.cyberark.conjur.cloudTest.ConjurCloudNegativeTest" time="0.002"/>
</testsuite>