<?xml version="1.0" encoding="UTF-8"?>
<testsuite xmlns:xsi="http://www.w3.org/2001/XMLSchema-instance" xsi:noNamespaceSchemaLocation="https://maven.apache.org/surefire/maven-surefire-plugin/xsd/surefire-test-report.xsd" name="com.cyberark.conjur.springTest.ConjurSpringTests" time="1.616" tests="3" errors="0" skipped="0" failures="0">
  <properties>
[...]
</properties>
  <testcase name="testForUserName" classname="com.cyberark.conjur.springTest.ConjurSpringTests" time="0.26"/>
  <testcase name="testForUrl" classname="com.cyberark.conjur.springTest.ConjurSpringTests" time="0.002"/>
  <testcase name="testForPassword" classname="com.cyberark.conjur.springTest.ConjurSpringTests" time="0.002"/>
</testsuite>